<?xml version="1.0" encoding="utf-8"?><testsuites name="pytest tests"><testsuite name="pytest" errors="0" failures="0" skipped="0" tests="211" time="8.662" timestamp="2026-05-12T00:54:09.640444-07:00" hostname="aiden"><testcase classname="tests.test_chunker.TestParseDuration" name="test_standard_format" time="0.001" /><testcase classname="tests.test_chunker.TestParseDuration" name="test_short_duration" time="0.001" /><testcase classname="tests.test_chunker.TestParseDuration" name="test_no_duration_raises" time="0.001" /><testcase classname="tests.test_chunker.TestParseDuration" name="test_ffmpeg_error_message_raised" time="0.002" /><testcase classname="tests.test_chunker.TestGetFfmpegExecutable" name="test_returns_valid_path" time="0.076" /><testcase classname="tests.test_chunker.TestGetFfmpegExecutable" name="test_falls_back_to_imageio" time="0.001" /><testcase classname="tests.test_chunker.TestGetFfmpegExecutable" name="test_raises_when_no_ffmpeg" time="0.001" /><testcase classname="tests.test_chunker.TestGetVideoDuration" name="test_returns_duration" time="0.087" /><testcase classname="tests.test_chunker.TestGetVideoDuration" name="test_nonexistent_file" time="0.033" /><testcase classname="tests.test_chunker.TestChunkVideo" name="test_short_video_single_chunk" time="0.062" /><testcase classname="tests.test_chunker.TestChunkVideo" name="test_splits_into_multiple_chunks" time="0.203" /><testcase classname="tests.test_chunker.TestChunkVideo" name="test_overlap_equal_to_chunk_duration_raises" time="0.034" /><testcase classname="tests.test_chunker.TestChunkVideo" name="test_overlap_greater_than_chunk_duration_raises" time="0.035" /><testcase classname="tests.test_chunker.TestChunkVideo" name="test_nonexistent_file_raises" time="0.001" /><testcase classname="tests.test_chunker.TestExpectedChunkSpans" name="test_short_video_single_span" time="0.001" /><testcase classname="tests.test_chunker.TestExpectedChunkSpans" name="test_matches_chunk_video_starts" time="0.149" /><testcase classname="tests.test_chunker.TestExpectedChunkSpans" name="test_invalid_overlap_raises" time="0.001" /><testcase classname="tests.test_chunker.TestExpectedChunkSpans" name="test_long_video_multiple_spans" time="0.001" /><testcase classname="tests.test_chunker.TestPreprocessChunk" name="test_creates_preprocessed_file" time="0.068" /><testcase classname="tests.test_chunker.TestPreprocessChunk" name="test_falls_back_on_invalid_input" time="0.031" /><testcase classname="tests.test_chunker.TestScanDirectory" name="test_finds_supported_video_files" time="0.005" /><testcase classname="tests.test_chunker.TestScanDirectory" name="test_empty_directory" time="0.002" /><testcase classname="tests.test_cli.TestFmtTime" name="test_zero" time="0.001" /><testcase classname="tests.test_cli.TestFmtTime" name="test_minutes" time="0.001" /><testcase classname="tests.test_cli.TestOverlayOutputPath" name="test_mov_input_outputs_mp4" time="0.001" /><testcase classname="tests.test_cli.TestCliGroup" name="test_help" time="0.003" /><testcase classname="tests.test_cli.TestStatsCommand" name="test_stats_empty" time="0.002" /><testcase classname="tests.test_cli.TestStatsCommand" name="test_stats_with_data" time="0.002" /><testcase classname="tests.test_cli.TestSearchCommand" name="test_search_empty_index" time="0.002" /><testcase classname="tests.test_cli.TestIndexCommand" name="test_index_no_supported_videos" time="0.003" /><testcase classname="tests.test_cli.TestIndexCommand" name="test_index_accepts_backend_option" time="0.005" /><testcase classname="tests.test_cli.TestIndexCommand" name="test_index_scans_mov_files" time="0.038" /><testcase classname="tests.test_cli.TestIndexCommand" name="test_index_resumes_skipping_already_indexed_chunks" time="0.042" /><testcase classname="tests.test_cli.TestIndexCommand" name="test_index_records_failed_chunk_to_dlq" time="0.043" /><testcase classname="tests.test_cli.TestIndexCommand" name="test_index_skips_dlq_chunks_by_default" time="0.044" /><testcase classname="tests.test_cli.TestIndexCommand" name="test_index_skips_fully_indexed_file_without_chunking" time="0.009" /><testcase classname="tests.test_cli.TestIndexCommand" name="test_index_retry_failed_reattempts_dlq_chunks" time="0.042" /><testcase classname="tests.test_cli.TestIndexCommand" name="test_index_overlap_equal_chunk_duration_errors" time="0.004" /><testcase classname="tests.test_cli.TestIndexCommand" name="test_index_overlap_greater_than_chunk_duration_errors" time="0.004" /><testcase classname="tests.test_cli.TestShellCommand" name="test_shell_empty_index" time="0.004" /><testcase classname="tests.test_cli.TestShellCommand" name="test_shell_loads_embedder_once" time="0.004" /><testcase classname="tests.test_cli.TestShellCommand" name="test_shell_quit_command" time="0.004" /><testcase classname="tests.test_cli.TestShellCommand" name="test_shell_n_command_updates_result_count" time="0.005" /><testcase classname="tests.test_cli.TestShellCommand" name="test_shell_n_command_rejects_bad_input" time="0.005" /><testcase classname="tests.test_cli.TestShellCommand" name="test_shell_unknown_command" time="0.006" /><testcase classname="tests.test_cli.TestShellCommand" name="test_shell_eof_exits_cleanly" time="0.005" /><testcase classname="tests.test_cli.TestShellCommand" name="test_shell_empty_results" time="0.005" /><testcase classname="tests.test_cli.TestShellCommand" name="test_shell_low_confidence_warning" time="0.005" /><testcase classname="tests.test_cli.TestShellCommand" name="test_shell_search_error_kept_alive" time="0.004" /><testcase classname="tests.test_cli.TestDlqCommand" name="test_dlq_list_empty" time="0.003" /><testcase classname="tests.test_cli.TestDlqCommand" name="test_dlq_list_shows_entries" time="0.005" /><testcase classname="tests.test_cli.TestDlqCommand" name="test_dlq_clear" time="0.006" /><testcase classname="tests.test_cli.TestIndexLocalFlags" name="test_index_passes_model_to_embedder" time="0.005" /><testcase classname="tests.test_cli.TestIndexLocalFlags" name="test_index_passes_quantize_to_embedder" time="0.005" /><testcase classname="tests.test_cli.TestIndexLocalFlags" name="test_index_passes_no_quantize_to_embedder" time="0.004" /><testcase classname="tests.test_cli.TestIndexLocalFlags" name="test_index_auto_detects_model" time="0.005" /><testcase classname="tests.test_cli.TestIndexLocalFlags" name="test_index_model_implies_local_backend" time="0.005" /><testcase classname="tests.test_cli.TestIndexLocalFlags" name="test_index_passes_backend_and_model_to_store" time="0.064" /><testcase classname="tests.test_cli.TestSearchShellTip" name="test_tip_shown_for_local_backend" time="0.002" /><testcase classname="tests.test_cli.TestSearchShellTip" name="test_tip_not_shown_for_gemini_backend" time="0.002" /><testcase classname="tests.test_cli.TestSearchLocalFlags" name="test_search_passes_model_to_embedder" time="0.002" /><testcase classname="tests.test_cli.TestSearchLocalFlags" name="test_search_passes_quantize_to_embedder" time="0.002" /><testcase classname="tests.test_cli.TestSearchLocalFlags" name="test_search_model_implies_local_backend" time="0.002" /><testcase classname="tests.test_cli.TestSearchLocalFlags" name="test_search_auto_detects_backend_and_model" time="0.002" /><testcase classname="tests.test_cli.TestSearchLocalFlags" name="test_search_wrong_model_shows_suggestion" time="0.002" /><testcase classname="tests.test_cli.TestSearchLocalFlags" name="test_search_save_top_calls_trim_top_results" time="0.015" /><testcase classname="tests.test_cli.TestSearchLocalFlags" name="test_search_save_top_rejects_zero" time="0.001" /><testcase classname="tests.test_cli.TestLastClipCache" name="test_search_save_top_1_writes_cache" time="0.022" /><testcase classname="tests.test_cli.TestLastClipCache" name="test_search_save_top_3_caches_rank_1" time="0.019" /><testcase classname="tests.test_cli.TestLastClipCache" name="test_img_save_top_writes_cache" time="0.019" /><testcase classname="tests.test_cli.TestLastClipCache" name="test_overlay_writes_cache" time="0.014" /><testcase classname="tests.test_cli.TestLastClipCache" name="test_cache_failure_does_not_fail_command" time="0.009" /><testcase classname="tests.test_cli.TestImgCommand" name="test_img_empty_index" time="0.005" /><testcase classname="tests.test_cli.TestImgCommand" name="test_img_calls_search_by_image" time="0.005" /><testcase classname="tests.test_cli.TestImgCommand" name="test_img_passes_model_to_embedder" time="0.006" /><testcase classname="tests.test_cli.TestImgCommand" name="test_img_missing_file_errors" time="0.001" /><testcase classname="tests.test_cli.TestHandleError" name="test_local_model_error" time="0.002" /><testcase classname="tests.test_cli.TestHandleError" name="test_backend_mismatch_error" time="0.002" /><testcase classname="tests.test_cli.TestResetCommand" name="test_reset_empty_index" time="0.001" /><testcase classname="tests.test_cli.TestResetCommand" name="test_reset_removes_all" time="0.002" /><testcase classname="tests.test_cli.TestRemoveCommand" name="test_remove_matching_file" time="0.002" /><testcase classname="tests.test_cli.TestRemoveCommand" name="test_remove_no_match" time="0.002" /><testcase classname="tests.test_cli.TestRemoveCommand" name="test_remove_empty_index" time="0.002" /><testcase classname="tests.test_dlq.TestDeadLetterQueue" name="test_empty_when_file_missing" time="0.004" /><testcase classname="tests.test_dlq.TestDeadLetterQueue" name="test_record_persists_to_disk" time="0.011" /><testcase classname="tests.test_dlq.TestDeadLetterQueue" name="test_record_survives_reload" time="0.012" /><testcase classname="tests.test_dlq.TestDeadLetterQueue" name="test_contains" time="0.004" /><testcase classname="tests.test_dlq.TestDeadLetterQueue" name="test_remove" time="0.005" /><testcase classname="tests.test_dlq.TestDeadLetterQueue" name="test_clear" time="0.006" /><testcase classname="tests.test_dlq.TestDeadLetterQueue" name="test_corrupt_file_is_ignored" time="0.005" /><testcase classname="tests.test_dlq.TestDeadLetterQueue" name="test_error_message_truncated" time="0.004" /><testcase classname="tests.test_embedder.TestRateLimiter" name="test_allows_requests_under_limit" time="0.001" /><testcase classname="tests.test_embedder.TestRateLimiter" name="test_tracks_request_count" time="0.001" /><testcase classname="tests.test_embedder.TestRateLimiter" name="test_sleeps_when_limit_reached" time="0.001" /><testcase classname="tests.test_embedder.TestRateLimiter" name="test_window_slides" time="0.001" /><testcase classname="tests.test_embedder.TestGeminiEmbedder" name="test_raises_without_api_key" time="1.054" /><testcase classname="tests.test_embedder.TestGeminiEmbedder" name="test_creates_client_with_key" time="0.002" /><testcase classname="tests.test_embedder.TestRetry" name="test_returns_on_first_success" time="0.001" /><testcase classname="tests.test_embedder.TestRetry" name="test_retries_on_429" time="0.002" /><testcase classname="tests.test_embedder.TestRetry" name="test_retries_on_503" time="0.001" /><testcase classname="tests.test_embedder.TestRetry" name="test_raises_quota_error_after_max_retries" time="0.001" /><testcase classname="tests.test_embedder.TestRetry" name="test_raises_non_retryable_immediately" time="0.001" /><testcase classname="tests.test_embedder.TestRetry" name="test_exponential_backoff" time="0.005" /><testcase classname="tests.test_embedder.TestEmbedderFactory" name="test_unknown_backend_raises" time="0.001" /><testcase classname="tests.test_embedder.TestEmbedderFactory" name="test_embed_query_delegates" time="0.003" /><testcase classname="tests.test_embedder.TestEmbedderFactory" name="test_embed_video_chunk_delegates" time="0.003" /><testcase classname="tests.test_embedder.TestEmbedderFactory" name="test_embed_image_delegates" time="0.007" /><testcase classname="tests.test_embedder.TestEmbedderFactory" name="test_embed_image_missing_file_raises" time="0.002" /><testcase classname="tests.test_embedder.TestEmbedderFactory" name="test_get_embedder_caches_instance" time="0.002" /><testcase classname="tests.test_embedder.TestEmbedderFactory" name="test_reset_clears_cache" time="0.002" /><testcase classname="tests.test_embedder.TestEmbedderFactory" name="test_get_embedder_local_backend" time="0.001" /><testcase classname="tests.test_embedder.TestEmbedderFactory" name="test_get_embedder_local_defaults" time="0.001" /><testcase classname="tests.test_embedder.TestEmbedderFactory" name="test_get_embedder_local_with_quantize" time="0.001" /><testcase classname="tests.test_embedder.TestEmbedderFactory" name="test_get_embedder_local_with_quantize_false" time="0.001" /><testcase classname="tests.test_embedder.TestEmbedderFactory" name="test_get_embedder_local_with_model_alias" time="0.001" /><testcase classname="tests.test_local_embedder.TestModelAliases" name="test_qwen8b_alias_resolves" time="0.001" /><testcase classname="tests.test_local_embedder.TestModelAliases" name="test_qwen2b_alias_resolves" time="0.001" /><testcase classname="tests.test_local_embedder.TestModelAliases" name="test_full_hf_id_passed_through" time="0.001" /><testcase classname="tests.test_local_embedder.TestModelAliases" name="test_custom_model_name_passed_through" time="0.001" /><testcase classname="tests.test_local_embedder.TestModelAliases" name="test_aliases_dict_has_expected_keys" time="0.001" /><testcase classname="tests.test_local_embedder.TestLocalModelError" name="test_is_runtime_error" time="0.001" /><testcase classname="tests.test_local_embedder.TestLocalModelError" name="test_message" time="0.001" /><testcase classname="tests.test_local_embedder.TestLocalEmbedderConstruction" name="test_default_params" time="0.001" /><testcase classname="tests.test_local_embedder.TestLocalEmbedderConstruction" name="test_custom_params" time="0.001" /><testcase classname="tests.test_local_embedder.TestLocalEmbedderConstruction" name="test_dimensions_method" time="0.001" /><testcase classname="tests.test_local_embedder.TestLocalEmbedderConstruction" name="test_quantize_none_by_default" time="0.001" /><testcase classname="tests.test_local_embedder.TestLocalEmbedderConstruction" name="test_quantize_true" time="0.001" /><testcase classname="tests.test_local_embedder.TestLocalEmbedderConstruction" name="test_quantize_false" time="0.001" /><testcase classname="tests.test_local_embedder.TestLocalEmbedderLoadModel" name="test_missing_torch_raises_local_model_error" time="0.001" /><testcase classname="tests.test_local_embedder.TestLocalEmbedderLoadModel" name="test_load_model_called_once" time="0.001" /><testcase classname="tests.test_local_embedder.TestNormalizeModelKey" name="test_alias_returned_as_is" time="0.001" /><testcase classname="tests.test_local_embedder.TestNormalizeModelKey" name="test_full_hf_id_reversed_to_alias" time="0.001" /><testcase classname="tests.test_local_embedder.TestNormalizeModelKey" name="test_custom_model_sanitized" time="0.001" /><testcase classname="tests.test_local_embedder.TestDetectDefaultModel" name="test_no_torch_returns_qwen8b" time="0.001" /><testcase classname="tests.test_local_embedder.TestDetectDefaultModel" name="test_cuda_returns_qwen8b" time="0.001" /><testcase classname="tests.test_local_embedder.TestDetectDefaultModel" name="test_cpu_only_returns_qwen2b" time="0.001" /><testcase classname="tests.test_local_embedder.TestLocalEmbedderMethods" name="test_embed_query_calls_load_model" time="0.001" /><testcase classname="tests.test_local_embedder.TestLocalEmbedderMethods" name="test_embed_video_chunk_calls_load_model" time="0.001" /><testcase classname="tests.test_metadata.TestStripEmulationPreventionBytes" name="test_no_prevention_bytes" time="0.001" /><testcase classname="tests.test_metadata.TestStripEmulationPreventionBytes" name="test_removes_prevention_byte" time="0.001" /><testcase classname="tests.test_metadata.TestStripEmulationPreventionBytes" name="test_preserves_non_prevention_sequences" time="0.001" /><testcase classname="tests.test_metadata.TestExtractMetadata" name="test_non_mp4_returns_empty" time="0.005" /><testcase classname="tests.test_metadata.TestExtractMetadata" name="test_nonexistent_file_returns_empty" time="0.001" /><testcase classname="tests.test_metadata.TestExtractMetadata" name="test_synthetic_video_no_sei" time="0.001" /><testcase classname="tests.test_search.TestSearchFootage" name="test_empty_store" time="0.152" /><testcase classname="tests.test_search.TestSearchFootage" name="test_returns_results" time="0.123" /><testcase classname="tests.test_search.TestSearchFootage" name="test_sorted_by_score" time="0.111" /><testcase classname="tests.test_search.TestSearchFootage" name="test_n_results_limits_output" time="0.244" /><testcase classname="tests.test_store.TestMakeChunkId" name="test_deterministic" time="0.001" /><testcase classname="tests.test_store.TestMakeChunkId" name="test_different_inputs_different_ids" time="0.001" /><testcase classname="tests.test_store.TestMakeChunkId" name="test_returns_hex_string" time="0.001" /><testcase classname="tests.test_store.TestSentryStore" name="test_empty_store_stats" time="0.059" /><testcase classname="tests.test_store.TestSentryStore" name="test_empty_store_search" time="0.061" /><testcase classname="tests.test_store.TestSentryStore" name="test_add_chunk_and_retrieve" time="0.100" /><testcase classname="tests.test_store.TestSentryStore" name="test_search_returns_sorted_results" time="0.100" /><testcase classname="tests.test_store.TestSentryStore" name="test_add_chunks_batch" time="0.105" /><testcase classname="tests.test_store.TestSentryStore" name="test_upsert_overwrites" time="0.125" /><testcase classname="tests.test_store.TestSentryStore" name="test_has_chunk" time="0.104" /><testcase classname="tests.test_store.TestSentryStore" name="test_is_indexed" time="0.239" /><testcase classname="tests.test_store.TestSentryStore" name="test_remove_file" time="0.195" /><testcase classname="tests.test_store.TestSentryStore" name="test_remove_file_nonexistent" time="0.076" /><testcase classname="tests.test_store.TestSentryStore" name="test_self_similarity_near_one" time="0.131" /><testcase classname="tests.test_store.TestStoreBackend" name="test_default_backend_is_gemini" time="0.086" /><testcase classname="tests.test_store.TestStoreBackend" name="test_local_backend_collection_name" time="0.113" /><testcase classname="tests.test_store.TestStoreBackend" name="test_local_model_collection_name" time="0.074" /><testcase classname="tests.test_store.TestStoreBackend" name="test_gemini_backend_collection_name" time="0.080" /><testcase classname="tests.test_store.TestStoreBackend" name="test_backends_use_separate_collections" time="0.142" /><testcase classname="tests.test_store.TestStoreBackend" name="test_models_use_separate_collections" time="0.150" /><testcase classname="tests.test_store.TestStoreBackend" name="test_get_model" time="0.073" /><testcase classname="tests.test_store.TestStoreBackend" name="test_get_model_none_for_gemini" time="0.151" /><testcase classname="tests.test_store.TestStoreBackend" name="test_check_backend_matching" time="0.069" /><testcase classname="tests.test_store.TestStoreBackend" name="test_check_backend_mismatch_raises" time="0.066" /><testcase classname="tests.test_store.TestDetectBackend" name="test_empty_db_returns_none" time="0.074" /><testcase classname="tests.test_store.TestDetectBackend" name="test_detects_gemini" time="0.106" /><testcase classname="tests.test_store.TestDetectBackend" name="test_detects_local" time="0.115" /><testcase classname="tests.test_store.TestDetectBackend" name="test_nonexistent_path_returns_none" time="0.006" /><testcase classname="tests.test_store.TestDetectIndex" name="test_empty_db" time="0.076" /><testcase classname="tests.test_store.TestDetectIndex" name="test_detects_gemini" time="0.145" /><testcase classname="tests.test_store.TestDetectIndex" name="test_detects_local_model" time="0.160" /><testcase classname="tests.test_store.TestDetectIndex" name="test_legacy_local_treated_as_qwen8b" time="0.157" /><testcase classname="tests.test_store.TestDetectIndex" name="test_nonexistent_path" time="0.003" /><testcase classname="tests.test_store.TestDetectIndex" name="test_gemini_preferred_over_local" time="0.200" /><testcase classname="tests.test_toolkit_cache" name="test_round_trip" time="0.013" /><testcase classname="tests.test_toolkit_cache" name="test_custom_saved_by" time="0.013" /><testcase classname="tests.test_toolkit_cache" name="test_read_missing_returns_none" time="0.003" /><testcase classname="tests.test_toolkit_cache" name="test_read_corrupt_json_returns_none" time="0.004" /><testcase classname="tests.test_toolkit_cache" name="test_read_wrong_version_returns_none" time="0.005" /><testcase classname="tests.test_toolkit_cache" name="test_read_missing_field_returns_none" time="0.004" /><testcase classname="tests.test_toolkit_cache" name="test_relative_path_rejected" time="0.058" /><testcase classname="tests.test_toolkit_cache" name="test_atomic_write_preserves_previous_on_crash" time="0.021" /><testcase classname="tests.test_toolkit_cache" name="test_atomic_write_no_prior_cache_returns_none_on_crash" time="0.005" /><testcase classname="tests.test_toolkit_cache" name="test_age_seconds" time="0.003" /><testcase classname="tests.test_toolkit_cache" name="test_file_exists" time="0.004" /><testcase classname="tests.test_toolkit_cache" name="test_write_creates_parent_dir" time="0.005" /><testcase classname="tests.test_toolkit_cache" name="test_payload_format_on_disk" time="0.013" /><testcase classname="tests.test_trimmer.TestFmtTime" name="test_zero" time="0.001" /><testcase classname="tests.test_trimmer.TestFmtTime" name="test_seconds" time="0.001" /><testcase classname="tests.test_trimmer.TestFmtTime" name="test_minutes_and_seconds" time="0.001" /><testcase classname="tests.test_trimmer.TestFmtTime" name="test_float_truncates" time="0.001" /><testcase classname="tests.test_trimmer.TestSafeFilename" name="test_basic" time="0.001" /><testcase classname="tests.test_trimmer.TestSafeFilename" name="test_special_chars_cleaned" time="0.001" /><testcase classname="tests.test_trimmer.TestTrimClip" name="test_trims_clip" time="0.066" /><testcase classname="tests.test_trimmer.TestTrimClip" name="test_end_before_start_raises" time="0.003" /><testcase classname="tests.test_trimmer.TestTrimClip" name="test_creates_output_directory" time="0.068" /><testcase classname="tests.test_trimmer.TestTrimTopResult" name="test_trims_first_result" time="0.067" /><testcase classname="tests.test_trimmer.TestTrimTopResult" name="test_empty_results_raises" time="0.003" /><testcase classname="tests.test_trimmer.TestTrimTopResults" name="test_trims_multiple_results" time="0.180" /><testcase classname="tests.test_trimmer.TestTrimTopResults" name="test_count_limits_output" time="0.125" /><testcase classname="tests.test_trimmer.TestTrimTopResults" name="test_count_exceeding_results_trims_all" time="0.066" /><testcase classname="tests.test_trimmer.TestTrimTopResults" name="test_empty_results_raises" time="0.003" /><testcase classname="tests.test_trimmer.TestTrimTopResults" name="test_zero_count_raises" time="0.003" /></testsuite></testsuites>